一月 27, 2019 2:50:26 下午 org.apache.catalina.core.StandardServer await
信息: A valid shutdown command was received via the shutdown port. Stopping the Server instance.
一月 27, 2019 2:50:26 下午 org.apache.coyote.AbstractProtocol pause
信息: Pausing ProtocolHandler ["http-bio-8080"]
一月 27, 2019 2:50:26 下午 org.apache.coyote.AbstractProtocol pause
信息: Pausing ProtocolHandler ["ajp-bio-8089"]
一月 27, 2019 2:50:26 下午 org.apache.catalina.core.StandardService stopInternal
信息: Stopping service Catalina
一月 27, 2019 2:50:26 下午 org.apache.catalina.loader.WebappClassLoader clearReferencesJdbc
严重: The web application [/tmall_ssm] registered the JDBC driver [com.alibaba.druid.proxy.DruidDriver] but failed to unregister it when the web application was stopped. To prevent a memory leak, the JDBC Driver has been forcibly unregistered.
一月 27, 2019 2:50:26 下午 org.apache.catalina.loader.WebappClassLoader clearReferencesJdbc
严重: The web application [/tmall_ssm] registered the JDBC driver [com.mysql.jdbc.Driver] but failed to unregister it when the web application was stopped. To prevent a memory leak, the JDBC Driver has been forcibly unregistered.
一月 27, 2019 2:50:26 下午 org.apache.coyote.AbstractProtocol stop
信息: Stopping ProtocolHandler ["http-bio-8080"]
一月 27, 2019 2:50:26 下午 org.apache.coyote.AbstractProtocol stop
信息: Stopping ProtocolHandler ["ajp-bio-8089"]
一月 27, 2019 2:50:26 下午 org.apache.coyote.AbstractProtocol destroy
信息: Destroying ProtocolHandler ["http-bio-8080"]
一月 27, 2019 2:50:26 下午 org.apache.coyote.AbstractProtocol destroy
信息: Destroying ProtocolHandler ["ajp-bio-8089"]
一月 27, 2019 3:07:53 下午 org.apache.catalina.startup.VersionLoggerListener log
信息: Server version:        Apache Tomcat/7.0.64
一月 27, 2019 3:07:53 下午 org.apache.catalina.startup.VersionLoggerListener log
信息: Server built:          Aug 19 2015 17:18:06 UTC
一月 27, 2019 3:07:53 下午 org.apache.catalina.startup.VersionLoggerListener log
信息: Server number:         7.0.64.0
一月 27, 2019 3:07:53 下午 org.apache.catalina.startup.VersionLoggerListener log
信息: OS Name:               Windows 10
一月 27, 2019 3:07:53 下午 org.apache.catalina.startup.VersionLoggerListener log
信息: OS Version:            10.0
一月 27, 2019 3:07:53 下午 org.apache.catalina.startup.VersionLoggerListener log
信息: Architecture:          amd64
一月 27, 2019 3:07:53 下午 org.apache.catalina.startup.VersionLoggerListener log
信息: Java Home:             C:\Program Files\Java\jdk1.8.0_181\jre
一月 27, 2019 3:07:53 下午 org.apache.catalina.startup.VersionLoggerListener log
信息: JVM Version:           1.8.0_181-b13
一月 27, 2019 3:07:53 下午 org.apache.catalina.startup.VersionLoggerListener log
信息: JVM Vendor:            Oracle Corporation
一月 27, 2019 3:07:53 下午 org.apache.catalina.startup.VersionLoggerListener log
信息: CATALINA_BASE:         C:\Users\yihon\IdeaProjects\tomcat7-8080-idea
一月 27, 2019 3:07:53 下午 org.apache.catalina.startup.VersionLoggerListener log
信息: CATALINA_HOME:         C:\Users\yihon\IdeaProjects\tomcat7-8080-idea
一月 27, 2019 3:07:53 下午 org.apache.catalina.startup.VersionLoggerListener log
信息: Command line argument: -Dcom.sun.management.jmxremote=
一月 27, 2019 3:07:53 下午 org.apache.catalina.startup.VersionLoggerListener log
信息: Command line argument: -Dcom.sun.management.jmxremote.port=1099
一月 27, 2019 3:07:53 下午 org.apache.catalina.startup.VersionLoggerListener log
信息: Command line argument: -Dcom.sun.management.jmxremote.ssl=false
一月 27, 2019 3:07:53 下午 org.apache.catalina.startup.VersionLoggerListener log
信息: Command line argument: -Dcom.sun.management.jmxremote.authenticate=false
一月 27, 2019 3:07:53 下午 org.apache.catalina.startup.VersionLoggerListener log
信息: Command line argument: -Djava.rmi.server.hostname=127.0.0.1
一月 27, 2019 3:07:53 下午 org.apache.catalina.startup.VersionLoggerListener log
信息: Command line argument: -Djava.util.logging.config.file=C:\Users\yihon\IdeaProjects\tomcat7-8080-idea\conf\logging.properties
一月 27, 2019 3:07:53 下午 org.apache.catalina.startup.VersionLoggerListener log
信息: Command line argument: -Djava.util.logging.manager=org.apache.juli.ClassLoaderLogManager
一月 27, 2019 3:07:53 下午 org.apache.catalina.startup.VersionLoggerListener log
信息: Command line argument: -Djava.endorsed.dirs=C:\Users\yihon\IdeaProjects\tomcat7-8080-idea\endorsed
一月 27, 2019 3:07:53 下午 org.apache.catalina.startup.VersionLoggerListener log
信息: Command line argument: -Dcatalina.base=C:\Users\yihon\IdeaProjects\tomcat7-8080-idea
一月 27, 2019 3:07:53 下午 org.apache.catalina.startup.VersionLoggerListener log
信息: Command line argument: -Dcatalina.home=C:\Users\yihon\IdeaProjects\tomcat7-8080-idea
一月 27, 2019 3:07:53 下午 org.apache.catalina.startup.VersionLoggerListener log
信息: Command line argument: -Djava.io.tmpdir=C:\Users\yihon\IdeaProjects\tomcat7-8080-idea\temp
一月 27, 2019 3:07:53 下午 org.apache.catalina.core.AprLifecycleListener lifecycleEvent
信息: The APR based Apache Tomcat Native library which allows optimal performance in production environments was not found on the java.library.path: C:\Program Files\Java\jdk1.8.0_181\bin;C:\WINDOWS\Sun\Java\bin;C:\WINDOWS\system32;C:\WINDOWS;C:\Program Files (x86)\Common Files\Oracle\Java\javapath;C:\Program Files (x86)\Intel\iCLS Client\;C:\Program Files\Intel\iCLS Client\;C:\WINDOWS\system32;C:\WINDOWS;C:\WINDOWS\System32\Wbem;C:\WINDOWS\System32\WindowsPowerShell\v1.0\;C:\Program Files (x86)\Intel\Intel(R) Management Engine Components\DAL;C:\Program Files\Intel\Intel(R) Management Engine Components\DAL;C:\Program Files (x86)\Intel\Intel(R) Management Engine Components\IPT;C:\Program Files\Intel\Intel(R) Management Engine Components\IPT;C:\Program Files\Intel\WiFi\bin\;C:\Program Files\Common Files\Intel\WirelessCommon\;C:\Program Files\MySQL\MySQL Utilities 1.6\;C:\Program Files\Java\jdk1.8.0_181\bin;C:\Program Files\software\maven\bin;C:\Java workplace\hadoop workplace\hadoop-2.8.5\bin;C:\WINDOWS\System32\OpenSSH\;C:\Program Files\Git\cmd;C:\Users\yihon\AppData\Local\Microsoft\WindowsApps;C:\Users\yihon\AppData\Local\Microsoft\WindowsApps;C:\Users\yihon\AppData\Local\GitHubDesktop\bin;.
一月 27, 2019 3:07:53 下午 org.apache.coyote.AbstractProtocol init
信息: Initializing ProtocolHandler ["http-bio-8080"]
一月 27, 2019 3:07:53 下午 org.apache.coyote.AbstractProtocol init
信息: Initializing ProtocolHandler ["ajp-bio-8089"]
一月 27, 2019 3:07:53 下午 org.apache.catalina.startup.Catalina load
信息: Initialization processed in 792 ms
一月 27, 2019 3:07:53 下午 org.apache.catalina.core.StandardService startInternal
信息: Starting service Catalina
一月 27, 2019 3:07:53 下午 org.apache.catalina.core.StandardEngine startInternal
信息: Starting Servlet Engine: Apache Tomcat/7.0.64
一月 27, 2019 3:07:53 下午 org.apache.catalina.startup.HostConfig deployDirectory
信息: Deploying web application directory C:\Users\yihon\IdeaProjects\tomcat7-8080-idea\webapps\ROOT
一月 27, 2019 3:07:54 下午 org.apache.catalina.startup.HostConfig deployDirectory
信息: Deployment of web application directory C:\Users\yihon\IdeaProjects\tomcat7-8080-idea\webapps\ROOT has finished in 483 ms
一月 27, 2019 3:07:54 下午 org.apache.coyote.AbstractProtocol start
信息: Starting ProtocolHandler ["http-bio-8080"]
一月 27, 2019 3:07:54 下午 org.apache.coyote.AbstractProtocol start
信息: Starting ProtocolHandler ["ajp-bio-8089"]
一月 27, 2019 3:07:54 下午 org.apache.catalina.startup.Catalina start
信息: Server startup in 567 ms
一月 27, 2019 3:38:42 下午 org.apache.catalina.startup.VersionLoggerListener log
信息: Server version:        Apache Tomcat/7.0.64
一月 27, 2019 3:38:42 下午 org.apache.catalina.startup.VersionLoggerListener log
信息: Server built:          Aug 19 2015 17:18:06 UTC
一月 27, 2019 3:38:42 下午 org.apache.catalina.startup.VersionLoggerListener log
信息: Server number:         7.0.64.0
一月 27, 2019 3:38:42 下午 org.apache.catalina.startup.VersionLoggerListener log
信息: OS Name:               Windows 10
一月 27, 2019 3:38:42 下午 org.apache.catalina.startup.VersionLoggerListener log
信息: OS Version:            10.0
一月 27, 2019 3:38:42 下午 org.apache.catalina.startup.VersionLoggerListener log
信息: Architecture:          amd64
一月 27, 2019 3:38:42 下午 org.apache.catalina.startup.VersionLoggerListener log
信息: Java Home:             C:\Program Files\Java\jdk1.8.0_181\jre
一月 27, 2019 3:38:42 下午 org.apache.catalina.startup.VersionLoggerListener log
信息: JVM Version:           1.8.0_181-b13
一月 27, 2019 3:38:42 下午 org.apache.catalina.startup.VersionLoggerListener log
信息: JVM Vendor:            Oracle Corporation
一月 27, 2019 3:38:42 下午 org.apache.catalina.startup.VersionLoggerListener log
信息: CATALINA_BASE:         C:\Users\yihon\IdeaProjects\tomcat7-8080-idea
一月 27, 2019 3:38:43 下午 org.apache.catalina.startup.VersionLoggerListener log
信息: CATALINA_HOME:         C:\Users\yihon\IdeaProjects\tomcat7-8080-idea
一月 27, 2019 3:38:43 下午 org.apache.catalina.startup.VersionLoggerListener log
信息: Command line argument: -agentlib:jdwp=transport=dt_socket,address=127.0.0.1:52140,suspend=y,server=n
一月 27, 2019 3:38:43 下午 org.apache.catalina.startup.VersionLoggerListener log
信息: Command line argument: -Dcom.sun.management.jmxremote=
一月 27, 2019 3:38:43 下午 org.apache.catalina.startup.VersionLoggerListener log
信息: Command line argument: -Dcom.sun.management.jmxremote.port=1099
一月 27, 2019 3:38:43 下午 org.apache.catalina.startup.VersionLoggerListener log
信息: Command line argument: -Dcom.sun.management.jmxremote.ssl=false
一月 27, 2019 3:38:43 下午 org.apache.catalina.startup.VersionLoggerListener log
信息: Command line argument: -Dcom.sun.management.jmxremote.authenticate=false
一月 27, 2019 3:38:43 下午 org.apache.catalina.startup.VersionLoggerListener log
信息: Command line argument: -Djava.rmi.server.hostname=127.0.0.1
一月 27, 2019 3:38:43 下午 org.apache.catalina.startup.VersionLoggerListener log
信息: Command line argument: -Djava.util.logging.config.file=C:\Users\yihon\IdeaProjects\tomcat7-8080-idea\conf\logging.properties
一月 27, 2019 3:38:43 下午 org.apache.catalina.startup.VersionLoggerListener log
信息: Command line argument: -Djava.util.logging.manager=org.apache.juli.ClassLoaderLogManager
一月 27, 2019 3:38:43 下午 org.apache.catalina.startup.VersionLoggerListener log
信息: Command line argument: -Djava.endorsed.dirs=C:\Users\yihon\IdeaProjects\tomcat7-8080-idea\endorsed
一月 27, 2019 3:38:43 下午 org.apache.catalina.startup.VersionLoggerListener log
信息: Command line argument: -Dcatalina.base=C:\Users\yihon\IdeaProjects\tomcat7-8080-idea
一月 27, 2019 3:38:43 下午 org.apache.catalina.startup.VersionLoggerListener log
信息: Command line argument: -Dcatalina.home=C:\Users\yihon\IdeaProjects\tomcat7-8080-idea
一月 27, 2019 3:38:43 下午 org.apache.catalina.startup.VersionLoggerListener log
信息: Command line argument: -Djava.io.tmpdir=C:\Users\yihon\IdeaProjects\tomcat7-8080-idea\temp
一月 27, 2019 3:38:43 下午 org.apache.catalina.core.AprLifecycleListener lifecycleEvent
信息: The APR based Apache Tomcat Native library which allows optimal performance in production environments was not found on the java.library.path: C:\Program Files\Java\jdk1.8.0_181\bin;C:\WINDOWS\Sun\Java\bin;C:\WINDOWS\system32;C:\WINDOWS;C:\Program Files (x86)\Common Files\Oracle\Java\javapath;C:\Program Files (x86)\Intel\iCLS Client\;C:\Program Files\Intel\iCLS Client\;C:\WINDOWS\system32;C:\WINDOWS;C:\WINDOWS\System32\Wbem;C:\WINDOWS\System32\WindowsPowerShell\v1.0\;C:\Program Files (x86)\Intel\Intel(R) Management Engine Components\DAL;C:\Program Files\Intel\Intel(R) Management Engine Components\DAL;C:\Program Files (x86)\Intel\Intel(R) Management Engine Components\IPT;C:\Program Files\Intel\Intel(R) Management Engine Components\IPT;C:\Program Files\Intel\WiFi\bin\;C:\Program Files\Common Files\Intel\WirelessCommon\;C:\Program Files\MySQL\MySQL Utilities 1.6\;C:\Program Files\Java\jdk1.8.0_181\bin;C:\Program Files\software\maven\bin;C:\Java workplace\hadoop workplace\hadoop-2.8.5\bin;C:\WINDOWS\System32\OpenSSH\;C:\Program Files\Git\cmd;C:\Users\yihon\AppData\Local\Microsoft\WindowsApps;C:\Users\yihon\AppData\Local\Microsoft\WindowsApps;C:\Users\yihon\AppData\Local\GitHubDesktop\bin;.
一月 27, 2019 3:38:44 下午 org.apache.coyote.AbstractProtocol init
信息: Initializing ProtocolHandler ["http-bio-8080"]
一月 27, 2019 3:38:44 下午 org.apache.coyote.AbstractProtocol init
信息: Initializing ProtocolHandler ["ajp-bio-8089"]
一月 27, 2019 3:38:44 下午 org.apache.catalina.startup.Catalina load
信息: Initialization processed in 3033 ms
一月 27, 2019 3:38:44 下午 org.apache.catalina.core.StandardService startInternal
信息: Starting service Catalina
一月 27, 2019 3:38:44 下午 org.apache.catalina.core.StandardEngine startInternal
信息: Starting Servlet Engine: Apache Tomcat/7.0.64
一月 27, 2019 3:38:44 下午 org.apache.catalina.startup.HostConfig deployDirectory
信息: Deploying web application directory C:\Users\yihon\IdeaProjects\tomcat7-8080-idea\webapps\ROOT
一月 27, 2019 3:38:46 下午 org.apache.catalina.startup.HostConfig deployDirectory
信息: Deployment of web application directory C:\Users\yihon\IdeaProjects\tomcat7-8080-idea\webapps\ROOT has finished in 1,924 ms
一月 27, 2019 3:38:46 下午 org.apache.coyote.AbstractProtocol start
信息: Starting ProtocolHandler ["http-bio-8080"]
一月 27, 2019 3:38:46 下午 org.apache.coyote.AbstractProtocol start
信息: Starting ProtocolHandler ["ajp-bio-8089"]
一月 27, 2019 3:38:46 下午 org.apache.catalina.startup.Catalina start
信息: Server startup in 2160 ms
一月 27, 2019 3:57:07 下午 org.apache.catalina.core.StandardServer await
信息: A valid shutdown command was received via the shutdown port. Stopping the Server instance.
一月 27, 2019 3:57:07 下午 org.apache.coyote.AbstractProtocol pause
信息: Pausing ProtocolHandler ["http-bio-8080"]
一月 27, 2019 3:57:07 下午 org.apache.coyote.AbstractProtocol pause
信息: Pausing ProtocolHandler ["ajp-bio-8089"]
一月 27, 2019 3:57:07 下午 org.apache.catalina.core.StandardService stopInternal
信息: Stopping service Catalina
一月 27, 2019 3:57:07 下午 org.apache.catalina.loader.WebappClassLoader clearReferencesJdbc
严重: The web application [/tmall_ssm] registered the JDBC driver [com.alibaba.druid.proxy.DruidDriver] but failed to unregister it when the web application was stopped. To prevent a memory leak, the JDBC Driver has been forcibly unregistered.
一月 27, 2019 3:57:07 下午 org.apache.catalina.loader.WebappClassLoader clearReferencesJdbc
严重: The web application [/tmall_ssm] registered the JDBC driver [com.mysql.jdbc.Driver] but failed to unregister it when the web application was stopped. To prevent a memory leak, the JDBC Driver has been forcibly unregistered.
一月 27, 2019 3:57:07 下午 org.apache.coyote.AbstractProtocol stop
信息: Stopping ProtocolHandler ["http-bio-8080"]
一月 27, 2019 3:57:07 下午 org.apache.coyote.AbstractProtocol stop
信息: Stopping ProtocolHandler ["ajp-bio-8089"]
一月 27, 2019 3:57:07 下午 org.apache.coyote.AbstractProtocol destroy
信息: Destroying ProtocolHandler ["http-bio-8080"]
一月 27, 2019 3:57:07 下午 org.apache.coyote.AbstractProtocol destroy
信息: Destroying ProtocolHandler ["ajp-bio-8089"]
一月 27, 2019 3:57:23 下午 org.apache.catalina.startup.VersionLoggerListener log
信息: Server version:        Apache Tomcat/7.0.64
一月 27, 2019 3:57:23 下午 org.apache.catalina.startup.VersionLoggerListener log
信息: Server built:          Aug 19 2015 17:18:06 UTC
一月 27, 2019 3:57:23 下午 org.apache.catalina.startup.VersionLoggerListener log
信息: Server number:         7.0.64.0
一月 27, 2019 3:57:23 下午 org.apache.catalina.startup.VersionLoggerListener log
信息: OS Name:               Windows 10
一月 27, 2019 3:57:23 下午 org.apache.catalina.startup.VersionLoggerListener log
信息: OS Version:            10.0
一月 27, 2019 3:57:23 下午 org.apache.catalina.startup.VersionLoggerListener log
信息: Architecture:          amd64
一月 27, 2019 3:57:23 下午 org.apache.catalina.startup.VersionLoggerListener log
信息: Java Home:             C:\Program Files\Java\jdk1.8.0_181\jre
一月 27, 2019 3:57:23 下午 org.apache.catalina.startup.VersionLoggerListener log
信息: JVM Version:           1.8.0_181-b13
一月 27, 2019 3:57:23 下午 org.apache.catalina.startup.VersionLoggerListener log
信息: JVM Vendor:            Oracle Corporation
一月 27, 2019 3:57:23 下午 org.apache.catalina.startup.VersionLoggerListener log
信息: CATALINA_BASE:         C:\Users\yihon\IdeaProjects\tomcat7-8080-idea
一月 27, 2019 3:57:23 下午 org.apache.catalina.startup.VersionLoggerListener log
信息: CATALINA_HOME:         C:\Users\yihon\IdeaProjects\tomcat7-8080-idea
一月 27, 2019 3:57:23 下午 org.apache.catalina.startup.VersionLoggerListener log
信息: Command line argument: -Dcom.sun.management.jmxremote=
一月 27, 2019 3:57:23 下午 org.apache.catalina.startup.VersionLoggerListener log
信息: Command line argument: -Dcom.sun.management.jmxremote.port=1099
一月 27, 2019 3:57:23 下午 org.apache.catalina.startup.VersionLoggerListener log
信息: Command line argument: -Dcom.sun.management.jmxremote.ssl=false
一月 27, 2019 3:57:23 下午 org.apache.catalina.startup.VersionLoggerListener log
信息: Command line argument: -Dcom.sun.management.jmxremote.authenticate=false
一月 27, 2019 3:57:23 下午 org.apache.catalina.startup.VersionLoggerListener log
信息: Command line argument: -Djava.rmi.server.hostname=127.0.0.1
一月 27, 2019 3:57:23 下午 org.apache.catalina.startup.VersionLoggerListener log
信息: Command line argument: -Djava.util.logging.config.file=C:\Users\yihon\IdeaProjects\tomcat7-8080-idea\conf\logging.properties
一月 27, 2019 3:57:23 下午 org.apache.catalina.startup.VersionLoggerListener log
信息: Command line argument: -Djava.util.logging.manager=org.apache.juli.ClassLoaderLogManager
一月 27, 2019 3:57:23 下午 org.apache.catalina.startup.VersionLoggerListener log
信息: Command line argument: -Djava.endorsed.dirs=C:\Users\yihon\IdeaProjects\tomcat7-8080-idea\endorsed
一月 27, 2019 3:57:23 下午 org.apache.catalina.startup.VersionLoggerListener log
信息: Command line argument: -Dcatalina.base=C:\Users\yihon\IdeaProjects\tomcat7-8080-idea
一月 27, 2019 3:57:23 下午 org.apache.catalina.startup.VersionLoggerListener log
信息: Command line argument: -Dcatalina.home=C:\Users\yihon\IdeaProjects\tomcat7-8080-idea
一月 27, 2019 3:57:23 下午 org.apache.catalina.startup.VersionLoggerListener log
信息: Command line argument: -Djava.io.tmpdir=C:\Users\yihon\IdeaProjects\tomcat7-8080-idea\temp
一月 27, 2019 3:57:23 下午 org.apache.catalina.core.AprLifecycleListener lifecycleEvent
信息: The APR based Apache Tomcat Native library which allows optimal performance in production environments was not found on the java.library.path: C:\Program Files\Java\jdk1.8.0_181\bin;C:\WINDOWS\Sun\Java\bin;C:\WINDOWS\system32;C:\WINDOWS;C:\Program Files (x86)\Common Files\Oracle\Java\javapath;C:\Program Files (x86)\Intel\iCLS Client\;C:\Program Files\Intel\iCLS Client\;C:\WINDOWS\system32;C:\WINDOWS;C:\WINDOWS\System32\Wbem;C:\WINDOWS\System32\WindowsPowerShell\v1.0\;C:\Program Files (x86)\Intel\Intel(R) Management Engine Components\DAL;C:\Program Files\Intel\Intel(R) Management Engine Components\DAL;C:\Program Files (x86)\Intel\Intel(R) Management Engine Components\IPT;C:\Program Files\Intel\Intel(R) Management Engine Components\IPT;C:\Program Files\Intel\WiFi\bin\;C:\Program Files\Common Files\Intel\WirelessCommon\;C:\Program Files\MySQL\MySQL Utilities 1.6\;C:\Program Files\Java\jdk1.8.0_181\bin;C:\Program Files\software\maven\bin;C:\Java workplace\hadoop workplace\hadoop-2.8.5\bin;C:\WINDOWS\System32\OpenSSH\;C:\Program Files\Git\cmd;C:\Users\yihon\AppData\Local\Microsoft\WindowsApps;C:\Users\yihon\AppData\Local\Microsoft\WindowsApps;C:\Users\yihon\AppData\Local\GitHubDesktop\bin;.
一月 27, 2019 3:57:23 下午 org.apache.coyote.AbstractProtocol init
信息: Initializing ProtocolHandler ["http-bio-8080"]
一月 27, 2019 3:57:23 下午 org.apache.coyote.AbstractProtocol init
信息: Initializing ProtocolHandler ["ajp-bio-8089"]
一月 27, 2019 3:57:23 下午 org.apache.catalina.startup.Catalina load
信息: Initialization processed in 1668 ms
一月 27, 2019 3:57:23 下午 org.apache.catalina.core.StandardService startInternal
信息: Starting service Catalina
一月 27, 2019 3:57:23 下午 org.apache.catalina.core.StandardEngine startInternal
信息: Starting Servlet Engine: Apache Tomcat/7.0.64
一月 27, 2019 3:57:23 下午 org.apache.catalina.startup.HostConfig deployDirectory
信息: Deploying web application directory C:\Users\yihon\IdeaProjects\tomcat7-8080-idea\webapps\ROOT
一月 27, 2019 3:57:25 下午 org.apache.catalina.startup.HostConfig deployDirectory
信息: Deployment of web application directory C:\Users\yihon\IdeaProjects\tomcat7-8080-idea\webapps\ROOT has finished in 1,111 ms
一月 27, 2019 3:57:25 下午 org.apache.coyote.AbstractProtocol start
信息: Starting ProtocolHandler ["http-bio-8080"]
一月 27, 2019 3:57:25 下午 org.apache.coyote.AbstractProtocol start
信息: Starting ProtocolHandler ["ajp-bio-8089"]
一月 27, 2019 3:57:25 下午 org.apache.catalina.startup.Catalina start
信息: Server startup in 1238 ms
一月 27, 2019 3:57:53 下午 org.apache.jasper.compiler.TldLocationsCache tldScanJar
信息: At least one JAR was scanned for TLDs yet contained no TLDs. Enable debug logging for this logger for a complete list of JARs that were scanned but no TLDs were found in them. Skipping unneeded JARs during scanning can improve startup time and JSP compilation time.
一月 27, 2019 4:02:27 下午 org.apache.catalina.startup.VersionLoggerListener log
信息: Server version:        Apache Tomcat/7.0.64
一月 27, 2019 4:02:27 下午 org.apache.catalina.startup.VersionLoggerListener log
信息: Server built:          Aug 19 2015 17:18:06 UTC
一月 27, 2019 4:02:27 下午 org.apache.catalina.startup.VersionLoggerListener log
信息: Server number:         7.0.64.0
一月 27, 2019 4:02:27 下午 org.apache.catalina.startup.VersionLoggerListener log
信息: OS Name:               Windows 10
一月 27, 2019 4:02:27 下午 org.apache.catalina.startup.VersionLoggerListener log
信息: OS Version:            10.0
一月 27, 2019 4:02:27 下午 org.apache.catalina.startup.VersionLoggerListener log
信息: Architecture:          amd64
一月 27, 2019 4:02:27 下午 org.apache.catalina.startup.VersionLoggerListener log
信息: Java Home:             C:\Program Files\Java\jdk1.8.0_181\jre
一月 27, 2019 4:02:27 下午 org.apache.catalina.startup.VersionLoggerListener log
信息: JVM Version:           1.8.0_181-b13
一月 27, 2019 4:02:27 下午 org.apache.catalina.startup.VersionLoggerListener log
信息: JVM Vendor:            Oracle Corporation
一月 27, 2019 4:02:27 下午 org.apache.catalina.startup.VersionLoggerListener log
信息: CATALINA_BASE:         C:\Users\yihon\IdeaProjects\tomcat7-8080-idea
一月 27, 2019 4:02:27 下午 org.apache.catalina.startup.VersionLoggerListener log
信息: CATALINA_HOME:         C:\Users\yihon\IdeaProjects\tomcat7-8080-idea
一月 27, 2019 4:02:27 下午 org.apache.catalina.startup.VersionLoggerListener log
信息: Command line argument: -Dcom.sun.management.jmxremote=
一月 27, 2019 4:02:27 下午 org.apache.catalina.startup.VersionLoggerListener log
信息: Command line argument: -Dcom.sun.management.jmxremote.port=1099
一月 27, 2019 4:02:27 下午 org.apache.catalina.startup.VersionLoggerListener log
信息: Command line argument: -Dcom.sun.management.jmxremote.ssl=false
一月 27, 2019 4:02:27 下午 org.apache.catalina.startup.VersionLoggerListener log
信息: Command line argument: -Dcom.sun.management.jmxremote.authenticate=false
一月 27, 2019 4:02:27 下午 org.apache.catalina.startup.VersionLoggerListener log
信息: Command line argument: -Djava.rmi.server.hostname=127.0.0.1
一月 27, 2019 4:02:27 下午 org.apache.catalina.startup.VersionLoggerListener log
信息: Command line argument: -Djava.util.logging.config.file=C:\Users\yihon\IdeaProjects\tomcat7-8080-idea\conf\logging.properties
一月 27, 2019 4:02:27 下午 org.apache.catalina.startup.VersionLoggerListener log
信息: Command line argument: -Djava.util.logging.manager=org.apache.juli.ClassLoaderLogManager
一月 27, 2019 4:02:27 下午 org.apache.catalina.startup.VersionLoggerListener log
信息: Command line argument: -Djava.endorsed.dirs=C:\Users\yihon\IdeaProjects\tomcat7-8080-idea\endorsed
一月 27, 2019 4:02:27 下午 org.apache.catalina.startup.VersionLoggerListener log
信息: Command line argument: -Dcatalina.base=C:\Users\yihon\IdeaProjects\tomcat7-8080-idea
一月 27, 2019 4:02:27 下午 org.apache.catalina.startup.VersionLoggerListener log
信息: Command line argument: -Dcatalina.home=C:\Users\yihon\IdeaProjects\tomcat7-8080-idea
一月 27, 2019 4:02:27 下午 org.apache.catalina.startup.VersionLoggerListener log
信息: Command line argument: -Djava.io.tmpdir=C:\Users\yihon\IdeaProjects\tomcat7-8080-idea\temp
一月 27, 2019 4:02:27 下午 org.apache.catalina.core.AprLifecycleListener lifecycleEvent
信息: The APR based Apache Tomcat Native library which allows optimal performance in production environments was not found on the java.library.path: C:\Program Files\Java\jdk1.8.0_181\bin;C:\WINDOWS\Sun\Java\bin;C:\WINDOWS\system32;C:\WINDOWS;C:\Program Files (x86)\Common Files\Oracle\Java\javapath;C:\Program Files (x86)\Intel\iCLS Client\;C:\Program Files\Intel\iCLS Client\;C:\WINDOWS\system32;C:\WINDOWS;C:\WINDOWS\System32\Wbem;C:\WINDOWS\System32\WindowsPowerShell\v1.0\;C:\Program Files (x86)\Intel\Intel(R) Management Engine Components\DAL;C:\Program Files\Intel\Intel(R) Management Engine Components\DAL;C:\Program Files (x86)\Intel\Intel(R) Management Engine Components\IPT;C:\Program Files\Intel\Intel(R) Management Engine Components\IPT;C:\Program Files\Intel\WiFi\bin\;C:\Program Files\Common Files\Intel\WirelessCommon\;C:\Program Files\MySQL\MySQL Utilities 1.6\;C:\Program Files\Java\jdk1.8.0_181\bin;C:\Program Files\software\maven\bin;C:\Java workplace\hadoop workplace\hadoop-2.8.5\bin;C:\WINDOWS\System32\OpenSSH\;C:\Program Files\Git\cmd;C:\Users\yihon\AppData\Local\Microsoft\WindowsApps;C:\Users\yihon\AppData\Local\Microsoft\WindowsApps;C:\Users\yihon\AppData\Local\GitHubDesktop\bin;.
一月 27, 2019 4:02:28 下午 org.apache.coyote.AbstractProtocol init
信息: Initializing ProtocolHandler ["http-bio-8080"]
一月 27, 2019 4:02:28 下午 org.apache.coyote.AbstractProtocol init
信息: Initializing ProtocolHandler ["ajp-bio-8089"]
一月 27, 2019 4:02:28 下午 org.apache.catalina.startup.Catalina load
信息: Initialization processed in 1007 ms
一月 27, 2019 4:02:28 下午 org.apache.catalina.core.StandardService startInternal
信息: Starting service Catalina
一月 27, 2019 4:02:28 下午 org.apache.catalina.core.StandardEngine startInternal
信息: Starting Servlet Engine: Apache Tomcat/7.0.64
一月 27, 2019 4:02:28 下午 org.apache.catalina.startup.HostConfig deployDirectory
信息: Deploying web application directory C:\Users\yihon\IdeaProjects\tomcat7-8080-idea\webapps\ROOT
一月 27, 2019 4:02:29 下午 org.apache.catalina.startup.HostConfig deployDirectory
信息: Deployment of web application directory C:\Users\yihon\IdeaProjects\tomcat7-8080-idea\webapps\ROOT has finished in 795 ms
一月 27, 2019 4:02:29 下午 org.apache.coyote.AbstractProtocol start
信息: Starting ProtocolHandler ["http-bio-8080"]
一月 27, 2019 4:02:29 下午 org.apache.coyote.AbstractProtocol start
信息: Starting ProtocolHandler ["ajp-bio-8089"]
一月 27, 2019 4:02:29 下午 org.apache.catalina.startup.Catalina start
信息: Server startup in 902 ms
一月 27, 2019 4:05:09 下午 org.apache.catalina.core.StandardServer await
信息: A valid shutdown command was received via the shutdown port. Stopping the Server instance.
一月 27, 2019 4:05:09 下午 org.apache.coyote.AbstractProtocol pause
信息: Pausing ProtocolHandler ["http-bio-8080"]
一月 27, 2019 4:05:09 下午 org.apache.coyote.AbstractProtocol pause
信息: Pausing ProtocolHandler ["ajp-bio-8089"]
一月 27, 2019 4:05:09 下午 org.apache.catalina.core.StandardService stopInternal
信息: Stopping service Catalina
一月 27, 2019 4:05:09 下午 org.apache.catalina.loader.WebappClassLoader clearReferencesJdbc
严重: The web application [/tmall_ssm] registered the JDBC driver [com.alibaba.druid.proxy.DruidDriver] but failed to unregister it when the web application was stopped. To prevent a memory leak, the JDBC Driver has been forcibly unregistered.
一月 27, 2019 4:05:09 下午 org.apache.catalina.loader.WebappClassLoader clearReferencesJdbc
严重: The web application [/tmall_ssm] registered the JDBC driver [com.mysql.jdbc.Driver] but failed to unregister it when the web application was stopped. To prevent a memory leak, the JDBC Driver has been forcibly unregistered.
一月 27, 2019 4:05:09 下午 org.apache.coyote.AbstractProtocol stop
信息: Stopping ProtocolHandler ["http-bio-8080"]
一月 27, 2019 4:05:09 下午 org.apache.coyote.AbstractProtocol stop
信息: Stopping ProtocolHandler ["ajp-bio-8089"]
一月 27, 2019 4:05:10 下午 org.apache.coyote.AbstractProtocol destroy
信息: Destroying ProtocolHandler ["http-bio-8080"]
一月 27, 2019 4:05:10 下午 org.apache.coyote.AbstractProtocol destroy
信息: Destroying ProtocolHandler ["ajp-bio-8089"]
一月 27, 2019 4:05:29 下午 org.apache.catalina.startup.VersionLoggerListener log
信息: Server version:        Apache Tomcat/7.0.64
一月 27, 2019 4:05:29 下午 org.apache.catalina.startup.VersionLoggerListener log
信息: Server built:          Aug 19 2015 17:18:06 UTC
一月 27, 2019 4:05:29 下午 org.apache.catalina.startup.VersionLoggerListener log
信息: Server number:         7.0.64.0
一月 27, 2019 4:05:29 下午 org.apache.catalina.startup.VersionLoggerListener log
信息: OS Name:               Windows 10
一月 27, 2019 4:05:29 下午 org.apache.catalina.startup.VersionLoggerListener log
信息: OS Version:            10.0
一月 27, 2019 4:05:29 下午 org.apache.catalina.startup.VersionLoggerListener log
信息: Architecture:          amd64
一月 27, 2019 4:05:29 下午 org.apache.catalina.startup.VersionLoggerListener log
信息: Java Home:             C:\Program Files\Java\jdk1.8.0_181\jre
一月 27, 2019 4:05:29 下午 org.apache.catalina.startup.VersionLoggerListener log
信息: JVM Version:           1.8.0_181-b13
一月 27, 2019 4:05:29 下午 org.apache.catalina.startup.VersionLoggerListener log
信息: JVM Vendor:            Oracle Corporation
一月 27, 2019 4:05:29 下午 org.apache.catalina.startup.VersionLoggerListener log
信息: CATALINA_BASE:         C:\Users\yihon\IdeaProjects\tomcat7-8080-idea
一月 27, 2019 4:05:29 下午 org.apache.catalina.startup.VersionLoggerListener log
信息: CATALINA_HOME:         C:\Users\yihon\IdeaProjects\tomcat7-8080-idea
一月 27, 2019 4:05:29 下午 org.apache.catalina.startup.VersionLoggerListener log
信息: Command line argument: -Dcom.sun.management.jmxremote=
一月 27, 2019 4:05:29 下午 org.apache.catalina.startup.VersionLoggerListener log
信息: Command line argument: -Dcom.sun.management.jmxremote.port=1099
一月 27, 2019 4:05:29 下午 org.apache.catalina.startup.VersionLoggerListener log
信息: Command line argument: -Dcom.sun.management.jmxremote.ssl=false
一月 27, 2019 4:05:29 下午 org.apache.catalina.startup.VersionLoggerListener log
信息: Command line argument: -Dcom.sun.management.jmxremote.authenticate=false
一月 27, 2019 4:05:29 下午 org.apache.catalina.startup.VersionLoggerListener log
信息: Command line argument: -Djava.rmi.server.hostname=127.0.0.1
一月 27, 2019 4:05:29 下午 org.apache.catalina.startup.VersionLoggerListener log
信息: Command line argument: -Djava.util.logging.config.file=C:\Users\yihon\IdeaProjects\tomcat7-8080-idea\conf\logging.properties
一月 27, 2019 4:05:29 下午 org.apache.catalina.startup.VersionLoggerListener log
信息: Command line argument: -Djava.util.logging.manager=org.apache.juli.ClassLoaderLogManager
一月 27, 2019 4:05:29 下午 org.apache.catalina.startup.VersionLoggerListener log
信息: Command line argument: -Djava.endorsed.dirs=C:\Users\yihon\IdeaProjects\tomcat7-8080-idea\endorsed
一月 27, 2019 4:05:29 下午 org.apache.catalina.startup.VersionLoggerListener log
信息: Command line argument: -Dcatalina.base=C:\Users\yihon\IdeaProjects\tomcat7-8080-idea
一月 27, 2019 4:05:29 下午 org.apache.catalina.startup.VersionLoggerListener log
信息: Command line argument: -Dcatalina.home=C:\Users\yihon\IdeaProjects\tomcat7-8080-idea
一月 27, 2019 4:05:29 下午 org.apache.catalina.startup.VersionLoggerListener log
信息: Command line argument: -Djava.io.tmpdir=C:\Users\yihon\IdeaProjects\tomcat7-8080-idea\temp
一月 27, 2019 4:05:29 下午 org.apache.catalina.core.AprLifecycleListener lifecycleEvent
信息: The APR based Apache Tomcat Native library which allows optimal performance in production environments was not found on the java.library.path: C:\Program Files\Java\jdk1.8.0_181\bin;C:\WINDOWS\Sun\Java\bin;C:\WINDOWS\system32;C:\WINDOWS;C:\Program Files (x86)\Common Files\Oracle\Java\javapath;C:\Program Files (x86)\Intel\iCLS Client\;C:\Program Files\Intel\iCLS Client\;C:\WINDOWS\system32;C:\WINDOWS;C:\WINDOWS\System32\Wbem;C:\WINDOWS\System32\WindowsPowerShell\v1.0\;C:\Program Files (x86)\Intel\Intel(R) Management Engine Components\DAL;C:\Program Files\Intel\Intel(R) Management Engine Components\DAL;C:\Program Files (x86)\Intel\Intel(R) Management Engine Components\IPT;C:\Program Files\Intel\Intel(R) Management Engine Components\IPT;C:\Program Files\Intel\WiFi\bin\;C:\Program Files\Common Files\Intel\WirelessCommon\;C:\Program Files\MySQL\MySQL Utilities 1.6\;C:\Program Files\Java\jdk1.8.0_181\bin;C:\Program Files\software\maven\bin;C:\Java workplace\hadoop workplace\hadoop-2.8.5\bin;C:\WINDOWS\System32\OpenSSH\;C:\Program Files\Git\cmd;C:\Users\yihon\AppData\Local\Microsoft\WindowsApps;C:\Users\yihon\AppData\Local\Microsoft\WindowsApps;C:\Users\yihon\AppData\Local\GitHubDesktop\bin;.
一月 27, 2019 4:05:30 下午 org.apache.coyote.AbstractProtocol init
信息: Initializing ProtocolHandler ["http-bio-8080"]
一月 27, 2019 4:05:30 下午 org.apache.coyote.AbstractProtocol init
信息: Initializing ProtocolHandler ["ajp-bio-8089"]
一月 27, 2019 4:05:30 下午 org.apache.catalina.startup.Catalina load
信息: Initialization processed in 1281 ms
一月 27, 2019 4:05:30 下午 org.apache.catalina.core.StandardService startInternal
信息: Starting service Catalina
一月 27, 2019 4:05:30 下午 org.apache.catalina.core.StandardEngine startInternal
信息: Starting Servlet Engine: Apache Tomcat/7.0.64
一月 27, 2019 4:05:30 下午 org.apache.catalina.startup.HostConfig deployDirectory
信息: Deploying web application directory C:\Users\yihon\IdeaProjects\tomcat7-8080-idea\webapps\ROOT
一月 27, 2019 4:05:31 下午 org.apache.catalina.startup.HostConfig deployDirectory
信息: Deployment of web application directory C:\Users\yihon\IdeaProjects\tomcat7-8080-idea\webapps\ROOT has finished in 1,235 ms
一月 27, 2019 4:05:31 下午 org.apache.coyote.AbstractProtocol start
信息: Starting ProtocolHandler ["http-bio-8080"]
一月 27, 2019 4:05:31 下午 org.apache.coyote.AbstractProtocol start
信息: Starting ProtocolHandler ["ajp-bio-8089"]
一月 27, 2019 4:05:31 下午 org.apache.catalina.startup.Catalina start
信息: Server startup in 1364 ms
一月 27, 2019 5:39:11 下午 org.apache.catalina.core.StandardServer await
信息: A valid shutdown command was received via the shutdown port. Stopping the Server instance.
一月 27, 2019 5:39:11 下午 org.apache.coyote.AbstractProtocol pause
信息: Pausing ProtocolHandler ["http-bio-8080"]
一月 27, 2019 5:39:11 下午 org.apache.coyote.AbstractProtocol pause
信息: Pausing ProtocolHandler ["ajp-bio-8089"]
一月 27, 2019 5:39:11 下午 org.apache.catalina.core.StandardService stopInternal
信息: Stopping service Catalina
一月 27, 2019 5:39:11 下午 org.apache.catalina.loader.WebappClassLoader clearReferencesJdbc
严重: The web application [/tmall_ssm] registered the JDBC driver [com.alibaba.druid.proxy.DruidDriver] but failed to unregister it when the web application was stopped. To prevent a memory leak, the JDBC Driver has been forcibly unregistered.
一月 27, 2019 5:39:11 下午 org.apache.catalina.loader.WebappClassLoader clearReferencesJdbc
严重: The web application [/tmall_ssm] registered the JDBC driver [com.mysql.jdbc.Driver] but failed to unregister it when the web application was stopped. To prevent a memory leak, the JDBC Driver has been forcibly unregistered.
一月 27, 2019 5:39:11 下午 org.apache.coyote.AbstractProtocol stop
信息: Stopping ProtocolHandler ["http-bio-8080"]
一月 27, 2019 5:39:11 下午 org.apache.coyote.AbstractProtocol stop
信息: Stopping ProtocolHandler ["ajp-bio-8089"]
一月 27, 2019 5:39:11 下午 org.apache.coyote.AbstractProtocol destroy
信息: Destroying ProtocolHandler ["http-bio-8080"]
一月 27, 2019 5:39:11 下午 org.apache.coyote.AbstractProtocol destroy
信息: Destroying ProtocolHandler ["ajp-bio-8089"]
